This is pdfTeX, Version 3.14159265-2.6-1.40.18 (TeX Live 2017/Debian) (preloaded format=pdflatex 2018.5.18)  6 AUG 2018 08:36
entering extended mode
 restricted \write18 enabled.
 %&-line parsing enabled.
**librelogo.tex
(./librelogo.tex
LaTeX2e <2017-04-15>
Babel <3.18> and hyphenation patterns for 84 language(s) loaded.
(/usr/share/texlive/texmf-dist/tex/latex/base/book.cls
Document Class: book 2014/09/29 v1.4h Standard LaTeX document class
(/usr/share/texlive/texmf-dist/tex/latex/base/bk10.clo
File: bk10.clo 2014/09/29 v1.4h Standard LaTeX file (size option)
)
\c@part=\count79
\c@chapter=\count80
\c@section=\count81
\c@subsection=\count82
\c@subsubsection=\count83
\c@paragraph=\count84
\c@subparagraph=\count85
\c@figure=\count86
\c@table=\count87
\abovecaptionskip=\skip41
\belowcaptionskip=\skip42
\bibindent=\dimen102
)
(/usr/share/texlive/texmf-dist/tex/latex/base/inputenc.sty
Package: inputenc 2015/03/17 v1.2c Input encoding file
\inpenc@prehook=\toks14
\inpenc@posthook=\toks15

(/usr/share/texlive/texmf-dist/tex/latex/base/utf8.def
File: utf8.def 2017/01/28 v1.1t UTF-8 support for inputenc
Now handling font encoding OML ...
... no UTF-8 mapping file for font encoding OML
Now handling font encoding T1 ...
... processing UTF-8 mapping file for font encoding T1

(/usr/share/texlive/texmf-dist/tex/latex/base/t1enc.dfu
File: t1enc.dfu 2017/01/28 v1.1t UTF-8 support for inputenc
   defining Unicode char U+00A0 (decimal 160)
   defining Unicode char U+00A1 (decimal 161)
   defining Unicode char U+00A3 (decimal 163)
   defining Unicode char U+00AB (decimal 171)
   defining Unicode char U+00AD (decimal 173)
   defining Unicode char U+00BB (decimal 187)
   defining Unicode char U+00BF (decimal 191)
   defining Unicode char U+00C0 (decimal 192)
   defining Unicode char U+00C1 (decimal 193)
   defining Unicode char U+00C2 (decimal 194)
   defining Unicode char U+00C3 (decimal 195)
   defining Unicode char U+00C4 (decimal 196)
   defining Unicode char U+00C5 (decimal 197)
   defining Unicode char U+00C6 (decimal 198)
   defining Unicode char U+00C7 (decimal 199)
   defining Unicode char U+00C8 (decimal 200)
   defining Unicode char U+00C9 (decimal 201)
   defining Unicode char U+00CA (decimal 202)
   defining Unicode char U+00CB (decimal 203)
   defining Unicode char U+00CC (decimal 204)
   defining Unicode char U+00CD (decimal 205)
   defining Unicode char U+00CE (decimal 206)
   defining Unicode char U+00CF (decimal 207)
   defining Unicode char U+00D0 (decimal 208)
   defining Unicode char U+00D1 (decimal 209)
   defining Unicode char U+00D2 (decimal 210)
   defining Unicode char U+00D3 (decimal 211)
   defining Unicode char U+00D4 (decimal 212)
   defining Unicode char U+00D5 (decimal 213)
   defining Unicode char U+00D6 (decimal 214)
   defining Unicode char U+00D8 (decimal 216)
   defining Unicode char U+00D9 (decimal 217)
   defining Unicode char U+00DA (decimal 218)
   defining Unicode char U+00DB (decimal 219)
   defining Unicode char U+00DC (decimal 220)
   defining Unicode char U+00DD (decimal 221)
   defining Unicode char U+00DE (decimal 222)
   defining Unicode char U+00DF (decimal 223)
   defining Unicode char U+00E0 (decimal 224)
   defining Unicode char U+00E1 (decimal 225)
   defining Unicode char U+00E2 (decimal 226)
   defining Unicode char U+00E3 (decimal 227)
   defining Unicode char U+00E4 (decimal 228)
   defining Unicode char U+00E5 (decimal 229)
   defining Unicode char U+00E6 (decimal 230)
   defining Unicode char U+00E7 (decimal 231)
   defining Unicode char U+00E8 (decimal 232)
   defining Unicode char U+00E9 (decimal 233)
   defining Unicode char U+00EA (decimal 234)
   defining Unicode char U+00EB (decimal 235)
   defining Unicode char U+00EC (decimal 236)
   defining Unicode char U+00ED (decimal 237)
   defining Unicode char U+00EE (decimal 238)
   defining Unicode char U+00EF (decimal 239)
   defining Unicode char U+00F0 (decimal 240)
   defining Unicode char U+00F1 (decimal 241)
   defining Unicode char U+00F2 (decimal 242)
   defining Unicode char U+00F3 (decimal 243)
   defining Unicode char U+00F4 (decimal 244)
   defining Unicode char U+00F5 (decimal 245)
   defining Unicode char U+00F6 (decimal 246)
   defining Unicode char U+00F8 (decimal 248)
   defining Unicode char U+00F9 (decimal 249)
   defining Unicode char U+00FA (decimal 250)
   defining Unicode char U+00FB (decimal 251)
   defining Unicode char U+00FC (decimal 252)
   defining Unicode char U+00FD (decimal 253)
   defining Unicode char U+00FE (decimal 254)
   defining Unicode char U+00FF (decimal 255)
   defining Unicode char U+0100 (decimal 256)
   defining Unicode char U+0101 (decimal 257)
   defining Unicode char U+0102 (decimal 258)
   defining Unicode char U+0103 (decimal 259)
   defining Unicode char U+0104 (decimal 260)
   defining Unicode char U+0105 (decimal 261)
   defining Unicode char U+0106 (decimal 262)
   defining Unicode char U+0107 (decimal 263)
   defining Unicode char U+0108 (decimal 264)
   defining Unicode char U+0109 (decimal 265)
   defining Unicode char U+010A (decimal 266)
   defining Unicode char U+010B (decimal 267)
   defining Unicode char U+010C (decimal 268)
   defining Unicode char U+010D (decimal 269)
   defining Unicode char U+010E (decimal 270)
   defining Unicode char U+010F (decimal 271)
   defining Unicode char U+0110 (decimal 272)
   defining Unicode char U+0111 (decimal 273)
   defining Unicode char U+0112 (decimal 274)
   defining Unicode char U+0113 (decimal 275)
   defining Unicode char U+0114 (decimal 276)
   defining Unicode char U+0115 (decimal 277)
   defining Unicode char U+0116 (decimal 278)
   defining Unicode char U+0117 (decimal 279)
   defining Unicode char U+0118 (decimal 280)
   defining Unicode char U+0119 (decimal 281)
   defining Unicode char U+011A (decimal 282)
   defining Unicode char U+011B (decimal 283)
   defining Unicode char U+011C (decimal 284)
   defining Unicode char U+011D (decimal 285)
   defining Unicode char U+011E (decimal 286)
   defining Unicode char U+011F (decimal 287)
   defining Unicode char U+0120 (decimal 288)
   defining Unicode char U+0121 (decimal 289)
   defining Unicode char U+0122 (decimal 290)
   defining Unicode char U+0123 (decimal 291)
   defining Unicode char U+0124 (decimal 292)
   defining Unicode char U+0125 (decimal 293)
   defining Unicode char U+0128 (decimal 296)
   defining Unicode char U+0129 (decimal 297)
   defining Unicode char U+012A (decimal 298)
   defining Unicode char U+012B (decimal 299)
   defining Unicode char U+012C (decimal 300)
   defining Unicode char U+012D (decimal 301)
   defining Unicode char U+012E (decimal 302)
   defining Unicode char U+012F (decimal 303)
   defining Unicode char U+0130 (decimal 304)
   defining Unicode char U+0131 (decimal 305)
   defining Unicode char U+0132 (decimal 306)
   defining Unicode char U+0133 (decimal 307)
   defining Unicode char U+0134 (decimal 308)
   defining Unicode char U+0135 (decimal 309)
   defining Unicode char U+0136 (decimal 310)
   defining Unicode char U+0137 (decimal 311)
   defining Unicode char U+0139 (decimal 313)
   defining Unicode char U+013A (decimal 314)
   defining Unicode char U+013B (decimal 315)
   defining Unicode char U+013C (decimal 316)
   defining Unicode char U+013D (decimal 317)
   defining Unicode char U+013E (decimal 318)
   defining Unicode char U+0141 (decimal 321)
   defining Unicode char U+0142 (decimal 322)
   defining Unicode char U+0143 (decimal 323)
   defining Unicode char U+0144 (decimal 324)
   defining Unicode char U+0145 (decimal 325)
   defining Unicode char U+0146 (decimal 326)
   defining Unicode char U+0147 (decimal 327)
   defining Unicode char U+0148 (decimal 328)
   defining Unicode char U+014A (decimal 330)
   defining Unicode char U+014B (decimal 331)
   defining Unicode char U+014C (decimal 332)
   defining Unicode char U+014D (decimal 333)
   defining Unicode char U+014E (decimal 334)
   defining Unicode char U+014F (decimal 335)
   defining Unicode char U+0150 (decimal 336)
   defining Unicode char U+0151 (decimal 337)
   defining Unicode char U+0152 (decimal 338)
   defining Unicode char U+0153 (decimal 339)
   defining Unicode char U+0154 (decimal 340)
   defining Unicode char U+0155 (decimal 341)
   defining Unicode char U+0156 (decimal 342)
   defining Unicode char U+0157 (decimal 343)
   defining Unicode char U+0158 (decimal 344)
   defining Unicode char U+0159 (decimal 345)
   defining Unicode char U+015A (decimal 346)
   defining Unicode char U+015B (decimal 347)
   defining Unicode char U+015C (decimal 348)
   defining Unicode char U+015D (decimal 349)
   defining Unicode char U+015E (decimal 350)
   defining Unicode char U+015F (decimal 351)
   defining Unicode char U+0160 (decimal 352)
   defining Unicode char U+0161 (decimal 353)
   defining Unicode char U+0162 (decimal 354)
   defining Unicode char U+0163 (decimal 355)
   defining Unicode char U+0164 (decimal 356)
   defining Unicode char U+0165 (decimal 357)
   defining Unicode char U+0168 (decimal 360)
   defining Unicode char U+0169 (decimal 361)
   defining Unicode char U+016A (decimal 362)
   defining Unicode char U+016B (decimal 363)
   defining Unicode char U+016C (decimal 364)
   defining Unicode char U+016D (decimal 365)
   defining Unicode char U+016E (decimal 366)
   defining Unicode char U+016F (decimal 367)
   defining Unicode char U+0170 (decimal 368)
   defining Unicode char U+0171 (decimal 369)
   defining Unicode char U+0172 (decimal 370)
   defining Unicode char U+0173 (decimal 371)
   defining Unicode char U+0174 (decimal 372)
   defining Unicode char U+0175 (decimal 373)
   defining Unicode char U+0176 (decimal 374)
   defining Unicode char U+0177 (decimal 375)
   defining Unicode char U+0178 (decimal 376)
   defining Unicode char U+0179 (decimal 377)
   defining Unicode char U+017A (decimal 378)
   defining Unicode char U+017B (decimal 379)
   defining Unicode char U+017C (decimal 380)
   defining Unicode char U+017D (decimal 381)
   defining Unicode char U+017E (decimal 382)
   defining Unicode char U+01CD (decimal 461)
   defining Unicode char U+01CE (decimal 462)
   defining Unicode char U+01CF (decimal 463)
   defining Unicode char U+01D0 (decimal 464)
   defining Unicode char U+01D1 (decimal 465)
   defining Unicode char U+01D2 (decimal 466)
   defining Unicode char U+01D3 (decimal 467)
   defining Unicode char U+01D4 (decimal 468)
   defining Unicode char U+01E2 (decimal 482)
   defining Unicode char U+01E3 (decimal 483)
   defining Unicode char U+01E6 (decimal 486)
   defining Unicode char U+01E7 (decimal 487)
   defining Unicode char U+01E8 (decimal 488)
   defining Unicode char U+01E9 (decimal 489)
   defining Unicode char U+01EA (decimal 490)
   defining Unicode char U+01EB (decimal 491)
   defining Unicode char U+01F0 (decimal 496)
   defining Unicode char U+01F4 (decimal 500)
   defining Unicode char U+01F5 (decimal 501)
   defining Unicode char U+0218 (decimal 536)
   defining Unicode char U+0219 (decimal 537)
   defining Unicode char U+021A (decimal 538)
   defining Unicode char U+021B (decimal 539)
   defining Unicode char U+0232 (decimal 562)
   defining Unicode char U+0233 (decimal 563)
   defining Unicode char U+1E02 (decimal 7682)
   defining Unicode char U+1E03 (decimal 7683)
   defining Unicode char U+200C (decimal 8204)
   defining Unicode char U+2010 (decimal 8208)
   defining Unicode char U+2011 (decimal 8209)
   defining Unicode char U+2012 (decimal 8210)
   defining Unicode char U+2013 (decimal 8211)
   defining Unicode char U+2014 (decimal 8212)
   defining Unicode char U+2015 (decimal 8213)
   defining Unicode char U+2018 (decimal 8216)
   defining Unicode char U+2019 (decimal 8217)
   defining Unicode char U+201A (decimal 8218)
   defining Unicode char U+201C (decimal 8220)
   defining Unicode char U+201D (decimal 8221)
   defining Unicode char U+201E (decimal 8222)
   defining Unicode char U+2030 (decimal 8240)
   defining Unicode char U+2031 (decimal 8241)
   defining Unicode char U+2039 (decimal 8249)
   defining Unicode char U+203A (decimal 8250)
   defining Unicode char U+2423 (decimal 9251)
   defining Unicode char U+1E20 (decimal 7712)
   defining Unicode char U+1E21 (decimal 7713)
)
Now handling font encoding OT1 ...
... processing UTF-8 mapping file for font encoding OT1

(/usr/share/texlive/texmf-dist/tex/latex/base/ot1enc.dfu
File: ot1enc.dfu 2017/01/28 v1.1t UTF-8 support for inputenc
   defining Unicode char U+00A0 (decimal 160)
   defining Unicode char U+00A1 (decimal 161)
   defining Unicode char U+00A3 (decimal 163)
   defining Unicode char U+00AD (decimal 173)
   defining Unicode char U+00B8 (decimal 184)
   defining Unicode char U+00BF (decimal 191)
   defining Unicode char U+00C5 (decimal 197)
   defining Unicode char U+00C6 (decimal 198)
   defining Unicode char U+00D8 (decimal 216)
   defining Unicode char U+00DF (decimal 223)
   defining Unicode char U+00E6 (decimal 230)
   defining Unicode char U+00EC (decimal 236)
   defining Unicode char U+00ED (decimal 237)
   defining Unicode char U+00EE (decimal 238)
   defining Unicode char U+00EF (decimal 239)
   defining Unicode char U+00F8 (decimal 248)
   defining Unicode char U+0131 (decimal 305)
   defining Unicode char U+0141 (decimal 321)
   defining Unicode char U+0142 (decimal 322)
   defining Unicode char U+0152 (decimal 338)
   defining Unicode char U+0153 (decimal 339)
   defining Unicode char U+0174 (decimal 372)
   defining Unicode char U+0175 (decimal 373)
   defining Unicode char U+0176 (decimal 374)
   defining Unicode char U+0177 (decimal 375)
   defining Unicode char U+0218 (decimal 536)
   defining Unicode char U+0219 (decimal 537)
   defining Unicode char U+021A (decimal 538)
   defining Unicode char U+021B (decimal 539)
   defining Unicode char U+2013 (decimal 8211)
   defining Unicode char U+2014 (decimal 8212)
   defining Unicode char U+2018 (decimal 8216)
   defining Unicode char U+2019 (decimal 8217)
   defining Unicode char U+201C (decimal 8220)
   defining Unicode char U+201D (decimal 8221)
)
Now handling font encoding OMS ...
... processing UTF-8 mapping file for font encoding OMS

(/usr/share/texlive/texmf-dist/tex/latex/base/omsenc.dfu
File: omsenc.dfu 2017/01/28 v1.1t UTF-8 support for inputenc
   defining Unicode char U+00A7 (decimal 167)
   defining Unicode char U+00B6 (decimal 182)
   defining Unicode char U+00B7 (decimal 183)
   defining Unicode char U+2020 (decimal 8224)
   defining Unicode char U+2021 (decimal 8225)
   defining Unicode char U+2022 (decimal 8226)
)
Now handling font encoding OMX ...
... no UTF-8 mapping file for font encoding OMX
Now handling font encoding U ...
... no UTF-8 mapping file for font encoding U
   defining Unicode char U+00A9 (decimal 169)
   defining Unicode char U+00AA (decimal 170)
   defining Unicode char U+00AE (decimal 174)
   defining Unicode char U+00BA (decimal 186)
   defining Unicode char U+02C6 (decimal 710)
   defining Unicode char U+02DC (decimal 732)
   defining Unicode char U+200C (decimal 8204)
   defining Unicode char U+2026 (decimal 8230)
   defining Unicode char U+2122 (decimal 8482)
   defining Unicode char U+2423 (decimal 9251)
))
(/usr/share/texlive/texmf-dist/tex/latex/graphics/graphicx.sty
Package: graphicx 2017/06/01 v1.1a Enhanced LaTeX Graphics (DPC,SPQR)

(/usr/share/texlive/texmf-dist/tex/latex/graphics/keyval.sty
Package: keyval 2014/10/28 v1.15 key=value parser (DPC)
\KV@toks@=\toks16
)
(/usr/share/texlive/texmf-dist/tex/latex/graphics/graphics.sty
Package: graphics 2017/06/25 v1.2c Standard LaTeX Graphics (DPC,SPQR)

(/usr/share/texlive/texmf-dist/tex/latex/graphics/trig.sty
Package: trig 2016/01/03 v1.10 sin cos tan (DPC)
)
(/usr/share/texlive/texmf-dist/tex/latex/graphics-cfg/graphics.cfg
File: graphics.cfg 2016/06/04 v1.11 sample graphics configuration
)
Package graphics Info: Driver file: pdftex.def on input line 99.

(/usr/share/texlive/texmf-dist/tex/latex/graphics-def/pdftex.def
File: pdftex.def 2018/01/08 v1.0l Graphics/color driver for pdftex
))
\Gin@req@height=\dimen103
\Gin@req@width=\dimen104
)
(/usr/share/texlive/texmf-dist/tex/latex/float/float.sty
Package: float 2001/11/08 v1.3d Float enhancements (AL)
\c@float@type=\count88
\float@exts=\toks17
\float@box=\box26
\@float@everytoks=\toks18
\@floatcapt=\box27
)
(/usr/share/texlive/texmf-dist/tex/latex/cite/cite.sty
LaTeX Info: Redefining \cite on input line 302.
LaTeX Info: Redefining \nocite on input line 332.
Package: cite 2015/02/27  v 5.5
)
(/usr/share/texlive/texmf-dist/tex/latex/url/url.sty
\Urlmuskip=\muskip10
Package: url 2013/09/16  ver 3.4  Verb mode for urls, etc.
)
(/usr/share/texlive/texmf-dist/tex/latex/enumitem/enumitem.sty
Package: enumitem 2011/09/28 v3.5.2 Customized lists
\labelindent=\skip43
\enit@outerparindent=\dimen105
\enit@toks=\toks19
\enit@inbox=\box28
\enitdp@description=\count89
)
(/usr/share/texlive/texmf-dist/tex/latex/amsmath/amsmath.sty
Package: amsmath 2017/09/02 v2.17a AMS math features
\@mathmargin=\skip44

For additional information on amsmath, use the `?' option.
(/usr/share/texlive/texmf-dist/tex/latex/amsmath/amstext.sty
Package: amstext 2000/06/29 v2.01 AMS text

(/usr/share/texlive/texmf-dist/tex/latex/amsmath/amsgen.sty
File: amsgen.sty 1999/11/30 v2.0 generic functions
\@emptytoks=\toks20
\ex@=\dimen106
))
(/usr/share/texlive/texmf-dist/tex/latex/amsmath/amsbsy.sty
Package: amsbsy 1999/11/29 v1.2d Bold Symbols
\pmbraise@=\dimen107
)
(/usr/share/texlive/texmf-dist/tex/latex/amsmath/amsopn.sty
Package: amsopn 2016/03/08 v2.02 operator names
)
\inf@bad=\count90
LaTeX Info: Redefining \frac on input line 213.
\uproot@=\count91
\leftroot@=\count92
LaTeX Info: Redefining \overline on input line 375.
\classnum@=\count93
\DOTSCASE@=\count94
LaTeX Info: Redefining \ldots on input line 472.
LaTeX Info: Redefining \dots on input line 475.
LaTeX Info: Redefining \cdots on input line 596.
\Mathstrutbox@=\box29
\strutbox@=\box30
\big@size=\dimen108
LaTeX Font Info:    Redeclaring font encoding OML on input line 712.
LaTeX Font Info:    Redeclaring font encoding OMS on input line 713.
\macc@depth=\count95
\c@MaxMatrixCols=\count96
\dotsspace@=\muskip11
\c@parentequation=\count97
\dspbrk@lvl=\count98
\tag@help=\toks21
\row@=\count99
\column@=\count100
\maxfields@=\count101
\andhelp@=\toks22
\eqnshift@=\dimen109
\alignsep@=\dimen110
\tagshift@=\dimen111
\tagwidth@=\dimen112
\totwidth@=\dimen113
\lineht@=\dimen114
\@envbody=\toks23
\multlinegap=\skip45
\multlinetaggap=\skip46
\mathdisplay@stack=\toks24
LaTeX Info: Redefining \[ on input line 2817.
LaTeX Info: Redefining \] on input line 2818.
)
(/usr/share/texlive/texmf-dist/tex/latex/tools/array.sty
Package: array 2016/10/06 v2.4d Tabular extension package (FMi)
\col@sep=\dimen115
\extrarowheight=\dimen116
\NC@list=\toks25
\extratabsurround=\skip47
\backup@length=\skip48
)
(/usr/share/texlive/texmf-dist/tex/latex/makecell/makecell.sty
Package: makecell 2009/08/03 V0.1e Managing of Tab Column Heads and Cells
\rotheadsize=\dimen117
\c@nlinenum=\count102
\TeXr@lab=\toks26
)
(/usr/share/texlive/texmf-dist/tex/latex/graphics/color.sty
Package: color 2016/07/10 v1.1e Standard LaTeX Color (DPC)

(/usr/share/texlive/texmf-dist/tex/latex/graphics-cfg/color.cfg
File: color.cfg 2016/01/02 v1.6 sample color configuration
)
Package color Info: Driver file: pdftex.def on input line 147.
)
(/usr/share/texlive/texmf-dist/tex/latex/listings/listings.sty
\lst@mode=\count103
\lst@gtempboxa=\box31
\lst@token=\toks27
\lst@length=\count104
\lst@currlwidth=\dimen118
\lst@column=\count105
\lst@pos=\count106
\lst@lostspace=\dimen119
\lst@width=\dimen120
\lst@newlines=\count107
\lst@lineno=\count108
\lst@maxwidth=\dimen121

(/usr/share/texlive/texmf-dist/tex/latex/listings/lstmisc.sty
File: lstmisc.sty 2015/06/04 1.6 (Carsten Heinz)
\c@lstnumber=\count109
\lst@skipnumbers=\count110
\lst@framebox=\box32
)
(/usr/share/texlive/texmf-dist/tex/latex/listings/listings.cfg
File: listings.cfg 2015/06/04 1.6 listings configuration
))
Package: listings 2015/06/04 1.6 (Carsten Heinz)

(/usr/share/texlive/texmf-dist/tex/latex/algorithm2e/algorithm2e.sty
Package: algorithm2e 2017/07/18 v5.2 algorithms environments
\c@AlgoLine=\count111

(/usr/share/texlive/texmf-dist/tex/latex/base/ifthen.sty
Package: ifthen 2014/09/29 v1.1c Standard LaTeX ifthen package (DPC)
)
\algocf@hangindent=\skip49

(/usr/share/texlive/texmf-dist/tex/latex/ifoddpage/ifoddpage.sty
Package: ifoddpage 2016/04/23 v1.1 Conditionals for odd/even page detection
\c@checkoddpage=\count112
)
(/usr/share/texlive/texmf-dist/tex/latex/tools/xspace.sty
Package: xspace 2014/10/28 v1.13 Space after command names (DPC,MH)
)
(/usr/share/texlive/texmf-dist/tex/latex/relsize/relsize.sty
Package: relsize 2013/03/29 ver 4.1
)
\skiptotal=\skip50
\skiplinenumber=\skip51
\skiprule=\skip52
\skiphlne=\skip53
\skiptext=\skip54
\skiplength=\skip55
\algomargin=\skip56
\skipalgocfslide=\skip57
\algowidth=\dimen122
\inoutsize=\dimen123
\inoutindent=\dimen124
\interspacetitleruled=\dimen125
\interspacealgoruled=\dimen126
\interspacetitleboxruled=\dimen127
\algocf@ruledwidth=\skip58
\algocf@inoutbox=\box33
\algocf@inputbox=\box34
\AlCapSkip=\skip59
\AlCapHSkip=\skip60
\algoskipindent=\skip61
\algocf@nlbox=\box35
\algocf@hangingbox=\box36
\algocf@untilbox=\box37
\algocf@skipuntil=\skip62
\algocf@capbox=\box38
\algocf@lcaptionbox=\skip63
\algoheightruledefault=\skip64
\algoheightrule=\skip65
\algotitleheightruledefault=\skip66
\algotitleheightrule=\skip67
\c@algocfline=\count113
\c@algocfproc=\count114
\c@algocf=\count115
\algocf@algoframe=\box39
\algocf@algobox=\box40
)
(/usr/share/texlive/texmf-dist/tex/latex/was/gensymb.sty
Package: gensymb 2003/07/02 v1.0 (WaS)
) (./librelogo.aux
(./0-frontespizio.aux) (./01-ringraziamenti.aux) (./1-prefazione.aux)
(./2-librelogo.aux

LaTeX Warning: Label `parte:manuale' multiply defined.

) (./3-paura.aux) (./3-logo.aux) (./4-disegnare.aux) (./7-caos-della-vita.aux

LaTeX Warning: Label `dec-2' multiply defined.


LaTeX Warning: Label `dec-2' multiply defined.


LaTeX Warning: Label `dec-2' multiply defined.


LaTeX Warning: Label `dec-2' multiply defined.

) (./xi-appendice.aux))
\openout1 = `librelogo.aux'.

LaTeX Font Info:    Checking defaults for OML/cmm/m/it on input line 20.
LaTeX Font Info:    ... okay on input line 20.
LaTeX Font Info:    Checking defaults for T1/cmr/m/n on input line 20.
LaTeX Font Info:    ... okay on input line 20.
LaTeX Font Info:    Checking defaults for OT1/cmr/m/n on input line 20.
LaTeX Font Info:    ... okay on input line 20.
LaTeX Font Info:    Checking defaults for OMS/cmsy/m/n on input line 20.
LaTeX Font Info:    ... okay on input line 20.
LaTeX Font Info:    Checking defaults for OMX/cmex/m/n on input line 20.
LaTeX Font Info:    ... okay on input line 20.
LaTeX Font Info:    Checking defaults for U/cmr/m/n on input line 20.
LaTeX Font Info:    ... okay on input line 20.

(/usr/share/texlive/texmf-dist/tex/context/base/mkii/supp-pdf.mkii
[Loading MPS to PDF converter (version 2006.09.02).]
\scratchcounter=\count116
\scratchdimen=\dimen128
\scratchbox=\box41
\nofMPsegments=\count117
\nofMParguments=\count118
\everyMPshowfont=\toks28
\MPscratchCnt=\count119
\MPscratchDim=\dimen129
\MPnumerator=\count120
\makeMPintoPDFobject=\count121
\everyMPtoPDFconversion=\toks29
) (/usr/share/texlive/texmf-dist/tex/latex/oberdiek/epstopdf-base.sty
Package: epstopdf-base 2016/05/15 v2.6 Base part for package epstopdf

(/usr/share/texlive/texmf-dist/tex/generic/oberdiek/infwarerr.sty
Package: infwarerr 2016/05/16 v1.4 Providing info/warning/error messages (HO)
)
(/usr/share/texlive/texmf-dist/tex/latex/oberdiek/grfext.sty
Package: grfext 2016/05/16 v1.2 Manage graphics extensions (HO)

(/usr/share/texlive/texmf-dist/tex/generic/oberdiek/kvdefinekeys.sty
Package: kvdefinekeys 2016/05/16 v1.4 Define keys (HO)

(/usr/share/texlive/texmf-dist/tex/generic/oberdiek/ltxcmds.sty
Package: ltxcmds 2016/05/16 v1.23 LaTeX kernel commands for general use (HO)
)))
(/usr/share/texlive/texmf-dist/tex/latex/oberdiek/kvoptions.sty
Package: kvoptions 2016/05/16 v3.12 Key value format for package options (HO)

(/usr/share/texlive/texmf-dist/tex/generic/oberdiek/kvsetkeys.sty
Package: kvsetkeys 2016/05/16 v1.17 Key value parser (HO)

(/usr/share/texlive/texmf-dist/tex/generic/oberdiek/etexcmds.sty
Package: etexcmds 2016/05/16 v1.6 Avoid name clashes with e-TeX commands (HO)

(/usr/share/texlive/texmf-dist/tex/generic/oberdiek/ifluatex.sty
Package: ifluatex 2016/05/16 v1.4 Provides the ifluatex switch (HO)
Package ifluatex Info: LuaTeX not detected.
)
Package etexcmds Info: Could not find \expanded.
(etexcmds)             That can mean that you are not using pdfTeX 1.50 or
(etexcmds)             that some package has redefined \expanded.
(etexcmds)             In the latter case, load this package earlier.
)))
(/usr/share/texlive/texmf-dist/tex/generic/oberdiek/pdftexcmds.sty
Package: pdftexcmds 2018/01/21 v0.26 Utility functions of pdfTeX for LuaTeX (HO
)

(/usr/share/texlive/texmf-dist/tex/generic/oberdiek/ifpdf.sty
Package: ifpdf 2017/03/15 v3.2 Provides the ifpdf switch
)
Package pdftexcmds Info: LuaTeX not detected.
Package pdftexcmds Info: \pdf@primitive is available.
Package pdftexcmds Info: \pdf@ifprimitive is available.
Package pdftexcmds Info: \pdfdraftmode found.
)
Package epstopdf-base Info: Redefining graphics rule for `.eps' on input line 4
38.
Package grfext Info: Graphics extension search list:
(grfext)             [.pdf,.png,.jpg,.mps,.jpeg,.jbig2,.jb2,.PDF,.PNG,.JPG,.JPE
G,.JBIG2,.JB2,.eps]
(grfext)             \AppendGraphicsExtensions on input line 456.

(/usr/share/texlive/texmf-dist/tex/latex/latexconfig/epstopdf-sys.cfg
File: epstopdf-sys.cfg 2010/07/13 v1.3 Configuration of (r)epstopdf for TeX Liv
e
))
\c@lstlisting=\count122
LaTeX Info: Redefining \celsius on input line 20.
Package gensymb Info: Faking symbols for \degree and \celsius on input line 20.



Package gensymb Warning: Not defining \perthousand.

LaTeX Info: Redefining \ohm on input line 20.
Package gensymb Info: Using \Omega for \ohm on input line 20.

Package gensymb Warning: Not defining \micro.

\openout2 = `0-frontespizio.aux'.

(./0-frontespizio.tex
<./images/frontespizio/utopia.jpg, id=1, 2475.2475pt x 1407.2575pt>
File: ./images/frontespizio/utopia.jpg Graphic file (type jpg)
<use ./images/frontespizio/utopia.jpg>
Package pdftex.def Info: ./images/frontespizio/utopia.jpg  used on input line 2
6.
(pdftex.def)             Requested size: 284.52756pt x 161.75604pt.
) [1{/var/lib/texmf/fonts/map/pdftex/updmap/pdftex.map} <./images/frontespizio/
utopia.jpg>]
\openout2 = `01-ringraziamenti.aux'.

 (./01-ringraziamenti.tex [2






] (./librelogo.toc)
\tf@toc=\write3
\openout3 = `librelogo.toc'.

 [3]

LaTeX Warning: Reference `cap:marta' on page 4 undefined on input line 10.


LaTeX Warning: Reference `cap:cerchio' on page 4 undefined on input line 17.

) [4]
\openout2 = `1-prefazione.aux'.

 (./1-prefazione.tex [5



] [6]
Underfull \hbox (badness 10000) in paragraph at lines 16--16
[][]\OT1/cmr/m/n/8 The com-mands dic-tio-nar-ies can be down-loaded from
 []

) [7]
\openout2 = `2-librelogo.aux'.

 (./2-librelogo.tex [8



] (./librelogo.toc)
\tf@toc=\write4
\openout4 = `librelogo.toc'.

 [9]

LaTeX Warning: Reference `cap:marta' on page 10 undefined on input line 6.


LaTeX Warning: Reference `cap:cerchio' on page 10 undefined on input line 6.

[10] [11

] [12]
Underfull \hbox (badness 10000) in paragraph at lines 11--11
[][]\OT1/cmr/m/n/8 The com-mands dic-tio-nar-ies can be down-loaded from $\OML/
cmm/m/it/8 https \OT1/cmr/m/n/8 :
 []

[13] [14

]
Chapter 2.
<./images/librelogo/Papert-x640.jpg, id=59, 154.176pt x 209.3421pt>
File: ./images/librelogo/Papert-x640.jpg Graphic file (type jpg)
<use ./images/librelogo/Papert-x640.jpg>
Package pdftex.def Info: ./images/librelogo/Papert-x640.jpg  used on input line
 18.
(pdftex.def)             Requested size: 284.52756pt x 386.3824pt.
[15] [16 <./images/librelogo/Papert-x640.jpg>] [17]
<./images/librelogo/scratch-2.png, id=69, 642.4pt x 724.7075pt>
File: ./images/librelogo/scratch-2.png Graphic file (type png)
<use ./images/librelogo/scratch-2.png>
Package pdftex.def Info: ./images/librelogo/scratch-2.png  used on input line 3
5.
(pdftex.def)             Requested size: 213.39566pt x 240.73552pt.
LaTeX Font Info:    Try loading font information for OMS+cmr on input line 44.

(/usr/share/texlive/texmf-dist/tex/latex/base/omscmr.fd
File: omscmr.fd 2014/09/29 v2.5h Standard LaTeX font definitions
)
LaTeX Font Info:    Font shape `OMS/cmr/m/n' in size <10> not available
(Font)              Font shape `OMS/cmsy/m/n' tried instead on input line 44.

Underfull \vbox (badness 5548) has occurred while \output is active []

 [18 <./images/librelogo/scratch-2.png>]
Underfull \hbox (badness 10000) in paragraph at lines 48--48
[][]\OT1/cmr/m/n/8 Free soft-ware def-i-ni-tion ac-cord-ing to the free Soft-wa
re Foun-da-tion:
 []

[19]
<./images/librelogo/AttivazioneToolbar.png, id=80, 453.695pt x 457.71pt>
File: ./images/librelogo/AttivazioneToolbar.png Graphic file (type png)
<use ./images/librelogo/AttivazioneToolbar.png>
Package pdftex.def Info: ./images/librelogo/AttivazioneToolbar.png  used on inp
ut line 63.
(pdftex.def)             Requested size: 213.39566pt x 215.28436pt.
<./images/librelogo/LibreLogoToolbar.png, id=81, 608.2725pt x 36.135pt>
File: ./images/librelogo/LibreLogoToolbar.png Graphic file (type png)
<use ./images/librelogo/LibreLogoToolbar.png>
Package pdftex.def Info: ./images/librelogo/LibreLogoToolbar.png  used on input
 line 71.
(pdftex.def)             Requested size: 213.39566pt x 12.67665pt.
<./images/librelogo/FrecciaSULO.png, id=82, 27.10126pt x 30.1125pt>
File: ./images/librelogo/FrecciaSULO.png Graphic file (type png)
<use ./images/librelogo/FrecciaSULO.png>
Package pdftex.def Info: ./images/librelogo/FrecciaSULO.png  used on input line
 80.
(pdftex.def)             Requested size: 21.33955pt x 23.71187pt.
<./images/librelogo/FrecciagiuLO.png, id=83, 29.10875pt x 30.1125pt>
File: ./images/librelogo/FrecciagiuLO.png Graphic file (type png)
<use ./images/librelogo/FrecciagiuLO.png>
Package pdftex.def Info: ./images/librelogo/FrecciagiuLO.png  used on input lin
e 81.
(pdftex.def)             Requested size: 21.33955pt x 22.07611pt.
<./images/librelogo/Orario.png, id=84, 31.11626pt x 28.105pt>
File: ./images/librelogo/Orario.png Graphic file (type png)
<use ./images/librelogo/Orario.png>
Package pdftex.def Info: ./images/librelogo/Orario.png  used on input line 82.
(pdftex.def)             Requested size: 21.33955pt x 19.27495pt.
<./images/librelogo/Antiorario.png, id=85, 31.11626pt x 28.105pt>
File: ./images/librelogo/Antiorario.png Graphic file (type png)
<use ./images/librelogo/Antiorario.png>
Package pdftex.def Info: ./images/librelogo/Antiorario.png  used on input line 
83.
(pdftex.def)             Requested size: 21.33955pt x 19.27495pt.
<./images/librelogo/PlayLO.png, id=86, 34.1275pt x 28.105pt>
File: ./images/librelogo/PlayLO.png Graphic file (type png)
<use ./images/librelogo/PlayLO.png>
Package pdftex.def Info: ./images/librelogo/PlayLO.png  used on input line 84.
(pdftex.def)             Requested size: 21.33955pt x 17.57372pt.
<./images/librelogo/StopLO.png, id=87, 29.10875pt x 29.10875pt>
File: ./images/librelogo/StopLO.png Graphic file (type png)
<use ./images/librelogo/StopLO.png>
Package pdftex.def Info: ./images/librelogo/StopLO.png  used on input line 85.
(pdftex.def)             Requested size: 21.33955pt x 21.34026pt.
<./images/librelogo/RewindLO.png, id=88, 34.1275pt x 26.0975pt>
File: ./images/librelogo/RewindLO.png Graphic file (type png)
<use ./images/librelogo/RewindLO.png>
Package pdftex.def Info: ./images/librelogo/RewindLO.png  used on input line 86
.
(pdftex.def)             Requested size: 21.33955pt x 16.31845pt.
<./images/librelogo/NewpageLO.png, id=89, 27.10126pt x 30.1125pt>
File: ./images/librelogo/NewpageLO.png Graphic file (type png)
<use ./images/librelogo/NewpageLO.png>
Package pdftex.def Info: ./images/librelogo/NewpageLO.png  used on input line 8
7.
(pdftex.def)             Requested size: 21.33955pt x 23.71187pt.
<./images/librelogo/220px-TextLO.png, id=90, 217.81375pt x 25.09375pt>
File: ./images/librelogo/220px-TextLO.png Graphic file (type png)
<use ./images/librelogo/220px-TextLO.png>
Package pdftex.def Info: ./images/librelogo/220px-TextLO.png  used on input lin
e 88.
(pdftex.def)             Requested size: 21.33955pt x 2.4582pt.
<./images/librelogo/MagicwLO.png, id=91, 32.12pt x 31.11626pt>
File: ./images/librelogo/MagicwLO.png Graphic file (type png)
<use ./images/librelogo/MagicwLO.png>
Package pdftex.def Info: ./images/librelogo/MagicwLO.png  used on input line 90
.
(pdftex.def)             Requested size: 21.33955pt x 20.67303pt.
 [20 <./images/librelogo/AttivazioneToolbar.png> <./images/librelogo/LibreLogoT
oolbar.png>]
Underfull \hbox (badness 3375) in paragraph at lines 97--97
[][]\OT1/cmr/m/n/8 A closer look at the dis-tinc-tion be-tween bitmap and vec-t
or im-ages can be
 []

[21 <./images/librelogo/FrecciaSULO.png> <./images/librelogo/FrecciagiuLO.png> 
<./images/librelogo/Orario.png> <./images/librelogo/Antiorario.png> <./images/l
ibrelogo/PlayLO.png> <./images/librelogo/StopLO.png> <./images/librelogo/Rewind
LO.png> <./images/librelogo/NewpageLO.png> <./images/librelogo/220px-TextLO.png
> <./images/librelogo/MagicwLO.png>]
<./images/librelogo/DrawToolbar.png, id=107, 727.71875pt x 35.13126pt>
File: ./images/librelogo/DrawToolbar.png Graphic file (type png)
<use ./images/librelogo/DrawToolbar.png>
Package pdftex.def Info: ./images/librelogo/DrawToolbar.png  used on input line
 101.
(pdftex.def)             Requested size: 341.43306pt x 16.48326pt.
<./images/librelogo/Pointer_LO.png, id=108, 48.18pt x 35.13126pt>
File: ./images/librelogo/Pointer_LO.png Graphic file (type png)
<use ./images/librelogo/Pointer_LO.png>
Package pdftex.def Info: ./images/librelogo/Pointer_LO.png  used on input line 
105.
(pdftex.def)             Requested size: 13.71379pt x 10.00002pt.
<./images/librelogo/DrawToolbar2.png, id=109, 1055.945pt x 33.12375pt>
File: ./images/librelogo/DrawToolbar2.png Graphic file (type png)
<use ./images/librelogo/DrawToolbar2.png>
Package pdftex.def Info: ./images/librelogo/DrawToolbar2.png  used on input lin
e 109.
(pdftex.def)             Requested size: 341.43306pt x 10.70999pt.
<./images/librelogo/RaggruppamentoLO.png, id=110, 33.12375pt x 31.11626pt>
File: ./images/librelogo/RaggruppamentoLO.png Graphic file (type png)
<use ./images/librelogo/RaggruppamentoLO.png>
Package pdftex.def Info: ./images/librelogo/RaggruppamentoLO.png  used on input
 line 113.
(pdftex.def)             Requested size: 10.6453pt x 10.00002pt.
<./images/librelogo/AncoraLO.png, id=111, 54.2025pt x 31.11626pt>
File: ./images/librelogo/AncoraLO.png Graphic file (type png)
<use ./images/librelogo/AncoraLO.png>
Package pdftex.def Info: ./images/librelogo/AncoraLO.png  used on input line 11
5.
(pdftex.def)             Requested size: 17.41959pt x 10.00002pt.
) [22 <./images/librelogo/DrawToolbar.png> <./images/librelogo/Pointer_LO.png> 
<./images/librelogo/DrawToolbar2.png> <./images/librelogo/RaggruppamentoLO.png>
 <./images/librelogo/AncoraLO.png>]
\openout2 = `3-paura.aux'.


(./3-paura.tex
Chapter 3.
[23



]
Overfull \hbox (2.92651pt too wide) in paragraph at lines 7--8
[]\OT1/cmr/m/n/10 Logo failed we said. It failed in Pa-pert's ini-tial in-ten-t
ions. It is not widespread
 []

[24] [25] [26]
Overfull \hbox (13.60515pt too wide) in paragraph at lines 51--58
[]\OT1/cmr/m/n/10 INSANE RE-TARD MAKES BE-CAUSE SWEET SNOOPY SCREAMS 
 []


Underfull \hbox (badness 10000) in paragraph at lines 51--58

 []

[27] [28]) [29]
\openout2 = `3-logo.aux'.

 (./3-logo.tex [30



]
Chapter 4.
[31]

LaTeX Warning: Reference `parte:esperienze-didattiche' on page 32 undefined on 
input line 58.


LaTeX Warning: Reference `cap:cerchio' on page 32 undefined on input line 58.

) [32]
\openout2 = `4-disegnare.aux'.

 (./4-disegnare.tex
Chapter 5.

Overfull \hbox (15.0pt too wide) in paragraph at lines 12--18
[]$[]$
 []


Underfull \hbox (badness 10000) in paragraph at lines 12--18

 []

<./images/disegnare/disegnare-1.png, id=151, 136.51pt x 141.52875pt>
File: ./images/disegnare/disegnare-1.png Graphic file (type png)
<use ./images/disegnare/disegnare-1.png>
Package pdftex.def Info: ./images/disegnare/disegnare-1.png  used on input line
 25.
(pdftex.def)             Requested size: 85.35826pt x 91.55606pt.
<./images/disegnare/disegnare-2.png, id=153, 147.55125pt x 148.555pt>
File: ./images/disegnare/disegnare-2.png Graphic file (type png)
<use ./images/disegnare/disegnare-2.png>
Package pdftex.def Info: ./images/disegnare/disegnare-2.png  used on input line
 41.
(pdftex.def)             Requested size: 85.35826pt x 88.52261pt.

Overfull \hbox (1.8045pt too wide) in paragraph at lines 32--45
[]$[]$  $[]$
 []


Underfull \hbox (badness 10000) in paragraph at lines 32--45

 []


Underfull \vbox (badness 10000) has occurred while \output is active []

 [33



 <./images/disegnare/disegnare-1.png>]
<./images/disegnare/disegnare-3.png, id=160, 152.57pt x 152.57pt>
File: ./images/disegnare/disegnare-3.png Graphic file (type png)
<use ./images/disegnare/disegnare-3.png>
Package pdftex.def Info: ./images/disegnare/disegnare-3.png  used on input line
 71.
(pdftex.def)             Requested size: 85.35826pt x 87.79652pt.

Overfull \hbox (1.8045pt too wide) in paragraph at lines 54--75
[]$[]$  $[]$
 []


Underfull \hbox (badness 10000) in paragraph at lines 54--75

 []


Overfull \hbox (15.0pt too wide) in paragraph at lines 94--100
[]$[]$
 []


Underfull \hbox (badness 10000) in paragraph at lines 94--100

 []

[34 <./images/disegnare/disegnare-2.png> <./images/disegnare/disegnare-3.png>]
<./images/disegnare/disegnare-4.png, id=168, 266.9975pt x 284.06125pt>
File: ./images/disegnare/disegnare-4.png Graphic file (type png)
<use ./images/disegnare/disegnare-4.png>
Package pdftex.def Info: ./images/disegnare/disegnare-4.png  used on input line
 128.
(pdftex.def)             Requested size: 142.26378pt x 154.03308pt.

Overfull \hbox (1.8045pt too wide) in paragraph at lines 111--132
[]$[]$  $[]$
 []


Underfull \hbox (badness 10000) in paragraph at lines 111--132

 []

<./images/disegnare/disegnare-5.png, id=170, 238.8925pt x 230.8625pt>
File: ./images/disegnare/disegnare-5.png Graphic file (type png)
<use ./images/disegnare/disegnare-5.png>
Package pdftex.def Info: ./images/disegnare/disegnare-5.png  used on input line
 156.
(pdftex.def)             Requested size: 142.26378pt x 139.74597pt.

Overfull \hbox (4.26588pt too wide) in paragraph at lines 156--158
[][]
 []


Overfull \vbox (1.21616pt too high) has occurred while \output is active []


Overfull \hbox (4.83186pt too wide) has occurred while \output is active
\OT1/cmr/m/sl/10 5.1.  MOVING THE TURTLE AROUND { DRAWING - USING VARIABLES \OT
1/cmr/m/n/10 35
 []

[35 <./images/disegnare/disegnare-4.png> <./images/disegnare/disegnare-5.png>]
<./images/disegnare/disegnare-6.png, id=177, 214.8025pt x 250.9375pt>
File: ./images/disegnare/disegnare-6.png Graphic file (type png)
<use ./images/disegnare/disegnare-6.png>
Package pdftex.def Info: ./images/disegnare/disegnare-6.png  used on input line
 175.
(pdftex.def)             Requested size: 184.9429pt x 221.57246pt.

Overfull \hbox (12.4429pt too wide) in paragraph at lines 175--177
[][]
 []


Underfull \hbox (badness 10000) in paragraph at lines 168--179

 []

<./images/disegnare/disegnare-7.png, id=179, 246.9225pt x 375.4025pt>
File: ./images/disegnare/disegnare-7.png Graphic file (type png)
<use ./images/disegnare/disegnare-7.png>
Package pdftex.def Info: ./images/disegnare/disegnare-7.png  used on input line
 199.
(pdftex.def)             Requested size: 142.26378pt x 222.51608pt.

Overfull \hbox (4.26588pt too wide) in paragraph at lines 199--201
[][]
 []

[36 <./images/disegnare/disegnare-6.png> <./images/disegnare/disegnare-7.png>]
Underfull \hbox (badness 2726) in paragraph at lines 227--228
\OT1/cmr/m/n/7 was made with-out leav-ing a
 []

<./images/disegnare/disegnare-8.png, id=186, 240.9pt x 361.35pt>
File: ./images/disegnare/disegnare-8.png Graphic file (type png)
<use ./images/disegnare/disegnare-8.png>
Package pdftex.def Info: ./images/disegnare/disegnare-8.png  used on input line
 234.
(pdftex.def)             Requested size: 142.26378pt x 219.64377pt.

Overfull \hbox (4.26588pt too wide) in paragraph at lines 234--236
[][]
 []

<./images/disegnare/disegnare-9.png, id=188, 237.88875pt x 358.33875pt>
File: ./images/disegnare/disegnare-9.png Graphic file (type png)
<use ./images/disegnare/disegnare-9.png>
Package pdftex.def Info: ./images/disegnare/disegnare-9.png  used on input line
 266.
(pdftex.def)             Requested size: 142.26378pt x 220.67963pt.

Overfull \hbox (4.26588pt too wide) in paragraph at lines 266--268
[][]
 []


Underfull \vbox (badness 10000) has occurred while \output is active []


Overfull \hbox (4.83186pt too wide) has occurred while \output is active
\OT1/cmr/m/sl/10 5.1.  MOVING THE TURTLE AROUND { DRAWING - USING VARIABLES \OT
1/cmr/m/n/10 37
 []

[37 <./images/disegnare/disegnare-8.png> <./images/disegnare/disegnare-9.png>]
<./images/disegnare/disegnare-10.png, id=196, 237.88875pt x 364.36125pt>
File: ./images/disegnare/disegnare-10.png Graphic file (type png)
<use ./images/disegnare/disegnare-10.png>
Package pdftex.def Info: ./images/disegnare/disegnare-10.png  used on input lin
e 308.
(pdftex.def)             Requested size: 142.26378pt x 224.47354pt.

Overfull \hbox (4.26588pt too wide) in paragraph at lines 308--310
[][]
 []

<./images/disegnare/disegnare-11.png, id=198, 243.91125pt x 359.3425pt>
File: ./images/disegnare/disegnare-11.png Graphic file (type png)
<use ./images/disegnare/disegnare-11.png>
Package pdftex.def Info: ./images/disegnare/disegnare-11.png  used on input lin
e 349.
(pdftex.def)             Requested size: 142.26378pt x 215.55467pt.

Overfull \hbox (4.26588pt too wide) in paragraph at lines 349--351
[][]
 []

[38 <./images/disegnare/disegnare-10.png> <./images/disegnare/disegnare-11.png>
]
<./images/disegnare/disegnare-12.png, id=205, 184.69pt x 165.61874pt>
File: ./images/disegnare/disegnare-12.png Graphic file (type png)
<use ./images/disegnare/disegnare-12.png>
Package pdftex.def Info: ./images/disegnare/disegnare-12.png  used on input lin
e 377.
(pdftex.def)             Requested size: 142.26378pt x 129.8584pt.

Overfull \hbox (4.26588pt too wide) in paragraph at lines 377--379
[][]
 []

<./images/disegnare/disegnare-13.png, id=207, 180.675pt x 164.615pt>
File: ./images/disegnare/disegnare-13.png Graphic file (type png)
<use ./images/disegnare/disegnare-13.png>
Package pdftex.def Info: ./images/disegnare/disegnare-13.png  used on input lin
e 399.
(pdftex.def)             Requested size: 142.26378pt x 132.10391pt.

Overfull \hbox (4.26588pt too wide) in paragraph at lines 399--401
[][]
 []

<./images/disegnare/disegnare-14.png, id=209, 154.5775pt x 152.57pt>
File: ./images/disegnare/disegnare-14.png Graphic file (type png)
<use ./images/disegnare/disegnare-14.png>
Package pdftex.def Info: ./images/disegnare/disegnare-14.png  used on input lin
e 422.
(pdftex.def)             Requested size: 142.26378pt x 144.26834pt.

Overfull \hbox (4.26588pt too wide) in paragraph at lines 422--424
[][]
 []


Underfull \vbox (badness 10000) has occurred while \output is active []


Overfull \hbox (4.83186pt too wide) has occurred while \output is active
\OT1/cmr/m/sl/10 5.1.  MOVING THE TURTLE AROUND { DRAWING - USING VARIABLES \OT
1/cmr/m/n/10 39
 []

[39 <./images/disegnare/disegnare-12.png> <./images/disegnare/disegnare-13.png>
]
<./images/disegnare/disegnare-15.png, id=216, 173.64874pt x 152.57pt>
File: ./images/disegnare/disegnare-15.png Graphic file (type png)
<use ./images/disegnare/disegnare-15.png>
Package pdftex.def Info: ./images/disegnare/disegnare-15.png  used on input lin
e 448.
(pdftex.def)             Requested size: 142.26378pt x 127.2485pt.

Overfull \hbox (4.26588pt too wide) in paragraph at lines 448--450
[][]
 []

<./images/disegnare/disegnare-16.png, id=218, 401.5pt x 724.7075pt>
File: ./images/disegnare/disegnare-16.png Graphic file (type png)
<use ./images/disegnare/disegnare-16.png>
Package pdftex.def Info: ./images/disegnare/disegnare-16.png  used on input lin
e 467.
(pdftex.def)             Requested size: 227.62204pt x 418.86642pt.
[40 <./images/disegnare/disegnare-14.png> <./images/disegnare/disegnare-15.png>
]
Overfull \hbox (4.83186pt too wide) has occurred while \output is active
\OT1/cmr/m/sl/10 5.1.  MOVING THE TURTLE AROUND { DRAWING - USING VARIABLES \OT
1/cmr/m/n/10 41
 []

[41 <./images/disegnare/disegnare-16.png>]
<./images/disegnare/disegnare-17.png, id=230, 161.60374pt x 152.57pt>
File: ./images/disegnare/disegnare-17.png Graphic file (type png)
<use ./images/disegnare/disegnare-17.png>
Package pdftex.def Info: ./images/disegnare/disegnare-17.png  used on input lin
e 498.
(pdftex.def)             Requested size: 142.26378pt x 137.49966pt.

Overfull \hbox (4.26588pt too wide) in paragraph at lines 498--500
[][]
 []

<./images/disegnare/disegnare-18.png, id=232, 198.7425pt x 197.73875pt>
File: ./images/disegnare/disegnare-18.png Graphic file (type png)
<use ./images/disegnare/disegnare-18.png>
Package pdftex.def Info: ./images/disegnare/disegnare-18.png  used on input lin
e 527.
(pdftex.def)             Requested size: 142.26378pt x 144.56512pt.

Overfull \hbox (4.26588pt too wide) in paragraph at lines 527--529
[][]
 []


Underfull \vbox (badness 10000) has occurred while \output is active []

 [42 <./images/disegnare/disegnare-17.png> <./images/disegnare/disegnare-18.png
>]
Underfull \hbox (badness 2547) in paragraph at lines 548--549
[]\OT1/cmr/m/n/7 FILLCOLOR [255, 255, 255,
 []

<./images/disegnare/disegnare-19.png, id=241, 195.73125pt x 201.75375pt>
File: ./images/disegnare/disegnare-19.png Graphic file (type png)
<use ./images/disegnare/disegnare-19.png>
Package pdftex.def Info: ./images/disegnare/disegnare-19.png  used on input lin
e 555.
(pdftex.def)             Requested size: 142.26378pt x 150.0486pt.

Overfull \hbox (4.26588pt too wide) in paragraph at lines 555--557
[][]
 []

<./images/disegnare/disegnare-20.png, id=243, 105.39375pt x 103.38625pt>
File: ./images/disegnare/disegnare-20.png Graphic file (type png)
<use ./images/disegnare/disegnare-20.png>
Package pdftex.def Info: ./images/disegnare/disegnare-20.png  used on input lin
e 586.
(pdftex.def)             Requested size: 85.35826pt x 87.1977pt.

Underfull \vbox (badness 5622) has occurred while \output is active []


Overfull \hbox (4.83186pt too wide) has occurred while \output is active
\OT1/cmr/m/sl/10 5.1.  MOVING THE TURTLE AROUND { DRAWING - USING VARIABLES \OT
1/cmr/m/n/10 43
 []

[43 <./images/disegnare/disegnare-19.png>]
<./images/disegnare/disegnare-21.png, id=250, 170.6375pt x 129.48375pt>
File: ./images/disegnare/disegnare-21.png Graphic file (type png)
<use ./images/disegnare/disegnare-21.png>
Package pdftex.def Info: ./images/disegnare/disegnare-21.png  used on input lin
e 605.
(pdftex.def)             Requested size: 142.26378pt x 108.95706pt.

Overfull \hbox (4.26588pt too wide) in paragraph at lines 605--607
[][]
 []

[44 <./images/disegnare/disegnare-20.png> <./images/disegnare/disegnare-21.png>
]
Underfull \hbox (badness 1137) in paragraph at lines 626--627
[]\OT1/cmr/m/n/7 PENUP FOR-WARD 25 PEN-
 []

<./images/disegnare/disegnare-22.png, id=258, 229.85875pt x 110.4125pt>
File: ./images/disegnare/disegnare-22.png Graphic file (type png)
<use ./images/disegnare/disegnare-22.png>
Package pdftex.def Info: ./images/disegnare/disegnare-22.png  used on input lin
e 653.
(pdftex.def)             Requested size: 113.81102pt x 53.49539pt.

Underfull \vbox (badness 10000) has occurred while \output is active []


Overfull \hbox (4.83186pt too wide) has occurred while \output is active
\OT1/cmr/m/sl/10 5.1.  MOVING THE TURTLE AROUND { DRAWING - USING VARIABLES \OT
1/cmr/m/n/10 45
 []

[45 <./images/disegnare/disegnare-22.png>]
Overfull \hbox (15.0pt too wide) in paragraph at lines 665--681
[]$[]$
 []


Underfull \hbox (badness 10000) in paragraph at lines 665--681

 []

[46]
<./images/disegnare/disegnare-23.png, id=268, 264.99pt x 186.6975pt>
File: ./images/disegnare/disegnare-23.png Graphic file (type png)
<use ./images/disegnare/disegnare-23.png>
Package pdftex.def Info: ./images/disegnare/disegnare-23.png  used on input lin
e 708.
(pdftex.def)             Requested size: 227.62204pt x 160.78288pt.
<./images/disegnare/disegnare-24.png, id=270, 191.71625pt x 162.6075pt>
File: ./images/disegnare/disegnare-24.png Graphic file (type png)
<use ./images/disegnare/disegnare-24.png>
Package pdftex.def Info: ./images/disegnare/disegnare-24.png  used on input lin
e 751.
(pdftex.def)             Requested size: 113.81102pt x 97.91737pt.

Underfull \vbox (badness 10000) has occurred while \output is active []


Overfull \hbox (4.83186pt too wide) has occurred while \output is active
\OT1/cmr/m/sl/10 5.1.  MOVING THE TURTLE AROUND { DRAWING - USING VARIABLES \OT
1/cmr/m/n/10 47
 []

[47 <./images/disegnare/disegnare-23.png>]
Underfull \vbox (badness 10000) has occurred while \output is active []

 [48 <./images/disegnare/disegnare-24.png>]
Underfull \hbox (badness 1137) in paragraph at lines 766--767
[]\OT1/cmr/m/n/7 PENUP FOR-WARD 10 PEN-
 []


Underfull \hbox (badness 1137) in paragraph at lines 768--769
[]\OT1/cmr/m/n/7 PENUP FOR-WARD 10 PEN-
 []


Underfull \hbox (badness 1137) in paragraph at lines 770--771
[]\OT1/cmr/m/n/7 PENUP FOR-WARD 10 PEN-
 []


Underfull \hbox (badness 1137) in paragraph at lines 772--773
[]\OT1/cmr/m/n/7 PENUP FOR-WARD 10 PEN-
 []

<./images/disegnare/disegnare-25.png, id=280, 106.3975pt x 94.3525pt>
File: ./images/disegnare/disegnare-25.png Graphic file (type png)
<use ./images/disegnare/disegnare-25.png>
Package pdftex.def Info: ./images/disegnare/disegnare-25.png  used on input lin
e 792.
(pdftex.def)             Requested size: 85.35826pt x 78.09386pt.
<./images/disegnare/disegnare-26.png, id=282, 285.065pt x 219.82124pt>
File: ./images/disegnare/disegnare-26.png Graphic file (type png)
<use ./images/disegnare/disegnare-26.png>
Package pdftex.def Info: ./images/disegnare/disegnare-26.png  used on input lin
e 828.
(pdftex.def)             Requested size: 142.26378pt x 110.35828pt.

Overfull \hbox (4.26588pt too wide) in paragraph at lines 828--830
[][]
 []


Underfull \vbox (badness 10000) has occurred while \output is active []


Overfull \hbox (4.83186pt too wide) has occurred while \output is active
\OT1/cmr/m/sl/10 5.1.  MOVING THE TURTLE AROUND { DRAWING - USING VARIABLES \OT
1/cmr/m/n/10 49
 []

[49 <./images/disegnare/disegnare-25.png> <./images/disegnare/disegnare-26.png>
]
<./images/disegnare/disegnare-27.png, id=290, 581.17125pt x 350.30875pt>
File: ./images/disegnare/disegnare-27.png Graphic file (type png)
<use ./images/disegnare/disegnare-27.png>
Package pdftex.def Info: ./images/disegnare/disegnare-27.png  used on input lin
e 842.
(pdftex.def)             Requested size: 284.52756pt x 168.29189pt.
 [50 <./images/disegnare/disegnare-27.png>]
<./images/disegnare/disegnare-28.png, id=296, 329.23pt x 105.39375pt>
File: ./images/disegnare/disegnare-28.png Graphic file (type png)
<use ./images/disegnare/disegnare-28.png>
Package pdftex.def Info: ./images/disegnare/disegnare-28.png  used on input lin
e 883.
(pdftex.def)             Requested size: 85.35826pt x 26.2009pt.

Underfull \vbox (badness 3219) has occurred while \output is active []


Overfull \hbox (4.83186pt too wide) has occurred while \output is active
\OT1/cmr/m/sl/10 5.1.  MOVING THE TURTLE AROUND { DRAWING - USING VARIABLES \OT
1/cmr/m/n/10 51
 []

[51 <./images/disegnare/disegnare-28.png>]
Overfull \hbox (15.0pt too wide) in paragraph at lines 937--943
[]$[]$
 []


Underfull \hbox (badness 10000) in paragraph at lines 937--943

 []

File: ./images/disegnare/disegnare-28.png Graphic file (type png)
<use ./images/disegnare/disegnare-28.png>
Package pdftex.def Info: ./images/disegnare/disegnare-28.png  used on input lin
e 952.
(pdftex.def)             Requested size: 284.52756pt x 81.16565pt.
[52]
Overfull \hbox (15.0pt too wide) in paragraph at lines 964--970
[]$[]$
 []


Underfull \hbox (badness 10000) in paragraph at lines 964--970

 []

<./images/disegnare/disegnare-29.png, id=306, 337.26pt x 90.3375pt>
File: ./images/disegnare/disegnare-29.png Graphic file (type png)
<use ./images/disegnare/disegnare-29.png>
Package pdftex.def Info: ./images/disegnare/disegnare-29.png  used on input lin
e 979.
(pdftex.def)             Requested size: 284.52756pt x 65.79843pt.

Overfull \hbox (4.83186pt too wide) has occurred while \output is active
\OT1/cmr/m/sl/10 5.1.  MOVING THE TURTLE AROUND { DRAWING - USING VARIABLES \OT
1/cmr/m/n/10 53
 []

[53 <./images/disegnare/disegnare-29.png>]
<./images/disegnare/disegnare-30.png, id=313, 438.63875pt x 450.68375pt>
File: ./images/disegnare/disegnare-30.png Graphic file (type png)
<use ./images/disegnare/disegnare-30.png>
Package pdftex.def Info: ./images/disegnare/disegnare-30.png  used on input lin
e 992.
(pdftex.def)             Requested size: 284.52756pt x 292.6421pt.
 [54 <./images/disegnare/disegnare-30.png>]
<./images/disegnare/disegnare-31.png, id=319, 424.58624pt x 420.57124pt>
File: ./images/disegnare/disegnare-31.png Graphic file (type png)
<use ./images/disegnare/disegnare-31.png>
Package pdftex.def Info: ./images/disegnare/disegnare-31.png  used on input lin
e 1018.
(pdftex.def)             Requested size: 284.52756pt x 281.74245pt.
<./images/disegnare/disegnare-32.png, id=321, 359.3425pt x 265.99374pt>
File: ./images/disegnare/disegnare-32.png Graphic file (type png)
<use ./images/disegnare/disegnare-32.png>
Package pdftex.def Info: ./images/disegnare/disegnare-32.png  used on input lin
e 1033.
(pdftex.def)             Requested size: 284.52756pt x 207.15508pt.

Underfull \vbox (badness 10000) has occurred while \output is active []


Overfull \hbox (4.83186pt too wide) has occurred while \output is active
\OT1/cmr/m/sl/10 5.1.  MOVING THE TURTLE AROUND { DRAWING - USING VARIABLES \OT
1/cmr/m/n/10 55
 []

[55 <./images/disegnare/disegnare-31.png>]
<./images/disegnare/disegnare-33.png, id=328, 287.0725pt x 271.0125pt>
File: ./images/disegnare/disegnare-33.png Graphic file (type png)
<use ./images/disegnare/disegnare-33.png>
Package pdftex.def Info: ./images/disegnare/disegnare-33.png  used on input lin
e 1053.
(pdftex.def)             Requested size: 284.52756pt x 267.67683pt.

Underfull \vbox (badness 10000) has occurred while \output is active []

 [56 <./images/disegnare/disegnare-32.png>]
<./images/disegnare/disegnare-34.png, id=334, 118.4425pt x 99.37125pt>
File: ./images/disegnare/disegnare-34.png Graphic file (type png)
<use ./images/disegnare/disegnare-34.png>
Package pdftex.def Info: ./images/disegnare/disegnare-34.png  used on input lin
e 1080.
(pdftex.def)             Requested size: 85.35826pt x 73.28352pt.
<./images/disegnare/disegnare-35.png, id=336, 403.5075pt x 301.125pt>
File: ./images/disegnare/disegnare-35.png Graphic file (type png)
<use ./images/disegnare/disegnare-35.png>
Package pdftex.def Info: ./images/disegnare/disegnare-35.png  used on input lin
e 1093.
(pdftex.def)             Requested size: 284.52756pt x 209.34406pt.

Underfull \vbox (badness 10000) has occurred while \output is active []


Overfull \hbox (4.83186pt too wide) has occurred while \output is active
\OT1/cmr/m/sl/10 5.1.  MOVING THE TURTLE AROUND { DRAWING - USING VARIABLES \OT
1/cmr/m/n/10 57
 []

[57 <./images/disegnare/disegnare-33.png> <./images/disegnare/disegnare-34.png>
]
<./images/disegnare/disegnare-36.png, id=343, 298.11375pt x 118.4425pt>
File: ./images/disegnare/disegnare-36.png Graphic file (type png)
<use ./images/disegnare/disegnare-36.png>
Package pdftex.def Info: ./images/disegnare/disegnare-36.png  used on input lin
e 1107.
(pdftex.def)             Requested size: 284.52756pt x 103.28828pt.
<./images/disegnare/disegnare-37.png, id=345, 316.18124pt x 391.4625pt>
File: ./images/disegnare/disegnare-37.png Graphic file (type png)
<use ./images/disegnare/disegnare-37.png>
Package pdftex.def Info: ./images/disegnare/disegnare-37.png  used on input lin
e 1119.
(pdftex.def)             Requested size: 284.52756pt x 355.92574pt.
 [58 <./images/disegnare/disegnare-35.png> <./images/disegnare/disegnare-36.png
>]
Underfull \vbox (badness 10000) has occurred while \output is active []


Overfull \hbox (4.83186pt too wide) has occurred while \output is active
\OT1/cmr/m/sl/10 5.1.  MOVING THE TURTLE AROUND { DRAWING - USING VARIABLES \OT
1/cmr/m/n/10 59
 []

[59 <./images/disegnare/disegnare-37.png>]
Overfull \hbox (28.10413pt too wide) in paragraph at lines 1151--1152
[][][][][][][][][][][][][][][][][][][][][][][][][] 
 []

LaTeX Font Info:    Font shape `OMS/cmr/m/n' in size <7> not available
(Font)              Font shape `OMS/cmsy/m/n' tried instead on input line 1155.


Overfull \hbox (18.53735pt too wide) in paragraph at lines 1155--1156
[][][][][][][][][][][][][][][][][][][][][][][][][][][][][][][] 
 []

LaTeX Font Info:    Try loading font information for OML+cmr on input line 1161
.
(/usr/share/texlive/texmf-dist/tex/latex/base/omlcmr.fd
File: omlcmr.fd 2014/09/29 v2.5h Standard LaTeX font definitions
)
LaTeX Font Info:    Font shape `OML/cmr/m/n' in size <7> not available
(Font)              Font shape `OML/cmm/m/it' tried instead on input line 1161.


Overfull \hbox (4.1872pt too wide) in paragraph at lines 1163--1164
[][][][][][][][][][][][][][][][][][][][][][][][][][][][][][][][] 
 []


Overfull \hbox (4.1872pt too wide) in paragraph at lines 1173--1174
[][][][][][][][][][][][][][][][][][][][][][][][][][][][][][][][] 
 []

File: ./images/disegnare/disegnare-36.png Graphic file (type png)
<use ./images/disegnare/disegnare-36.png>
Package pdftex.def Info: ./images/disegnare/disegnare-36.png  used on input lin
e 1194.
(pdftex.def)             Requested size: 284.52756pt x 103.28828pt.
[60]
<./images/disegnare/disegnare-38.png, id=362, 320.19624pt x 116.435pt>
File: ./images/disegnare/disegnare-38.png Graphic file (type png)
<use ./images/disegnare/disegnare-38.png>
Package pdftex.def Info: ./images/disegnare/disegnare-38.png  used on input lin
e 1214.
(pdftex.def)             Requested size: 284.52756pt x 93.90524pt.
<./images/disegnare/disegnare-39.png, id=364, 209.78375pt x 62.2325pt>
File: ./images/disegnare/disegnare-39.png Graphic file (type png)
<use ./images/disegnare/disegnare-39.png>
Package pdftex.def Info: ./images/disegnare/disegnare-39.png  used on input lin
e 1226.
(pdftex.def)             Requested size: 284.52756pt x 67.81633pt.

Overfull \hbox (4.83186pt too wide) has occurred while \output is active
\OT1/cmr/m/sl/10 5.1.  MOVING THE TURTLE AROUND { DRAWING - USING VARIABLES \OT
1/cmr/m/n/10 61
 []

[61 <./images/disegnare/disegnare-38.png> <./images/disegnare/disegnare-39.png>
]
<./images/disegnare/disegnare-40.png, id=372, 528.97626pt x 132.495pt>
File: ./images/disegnare/disegnare-40.png Graphic file (type png)
<use ./images/disegnare/disegnare-40.png>
Package pdftex.def Info: ./images/disegnare/disegnare-40.png  used on input lin
e 1252.
(pdftex.def)             Requested size: 284.52756pt x 64.59018pt.
<./images/disegnare/disegnare-41.png, id=374, 108.405pt x 63.23625pt>
File: ./images/disegnare/disegnare-41.png Graphic file (type png)
<use ./images/disegnare/disegnare-41.png>
Package pdftex.def Info: ./images/disegnare/disegnare-41.png  used on input lin
e 1271.
(pdftex.def)             Requested size: 85.35826pt x 48.90256pt.
 [62 <./images/disegnare/disegnare-40.png> <./images/disegnare/disegnare-41.png
>])
Overfull \hbox (4.83186pt too wide) has occurred while \output is active
\OT1/cmr/m/sl/10 5.1.  MOVING THE TURTLE AROUND { DRAWING - USING VARIABLES \OT
1/cmr/m/n/10 63
 []

[63]
\openout2 = `7-caos-della-vita.aux'.

 (./7-caos-della-vita.tex [64



]
Chapter 6.
<./images/caos-della-vita/caos-della-vita-1.png, id=388, 380.42125pt x 355.3275
pt>
File: ./images/caos-della-vita/caos-della-vita-1.png Graphic file (type png)
<use ./images/caos-della-vita/caos-della-vita-1.png>
Package pdftex.def Info: ./images/caos-della-vita/caos-della-vita-1.png  used o
n input line 37.
(pdftex.def)             Requested size: 85.35826pt x 80.47026pt.

Overfull \hbox (19.05556pt too wide) in paragraph at lines 20--41
[]$[]$  $[]$
 []


Underfull \hbox (badness 10000) in paragraph at lines 20--41

 []


Underfull \vbox (badness 1400) has occurred while \output is active []

 [65]

LaTeX Warning: Reference `cap:ripetere' on page 66 undefined on input line 67.


LaTeX Warning: Reference `cap:marta' on page 66 undefined on input line 67.


LaTeX Warning: Reference `cap:cerchio' on page 66 undefined on input line 67.

[66 <./images/caos-della-vita/caos-della-vita-1.png>]
<./images/caos-della-vita/caos-della-vita-2.png, id=397, 48.18pt x 44.3256pt>
File: ./images/caos-della-vita/caos-della-vita-2.png Graphic file (type png)
<use ./images/caos-della-vita/caos-della-vita-2.png>
Package pdftex.def Info: ./images/caos-della-vita/caos-della-vita-2.png  used o
n input line 110.
(pdftex.def)             Requested size: 85.35826pt x 85.7421pt.

Overfull \hbox (19.05556pt too wide) in paragraph at lines 95--114
[]$[]$  $[]$
 []


Underfull \hbox (badness 10000) in paragraph at lines 95--114

 []

[67 <./images/caos-della-vita/caos-della-vita-2.png (PNG copy)>] [68]
Chapter 7.
File: ./images/caos-della-vita/caos-della-vita-1.png Graphic file (type png)
<use ./images/caos-della-vita/caos-della-vita-1.png>
Package pdftex.def Info: ./images/caos-della-vita/caos-della-vita-1.png  used o
n input line 165.
(pdftex.def)             Requested size: 85.35826pt x 80.47026pt.

Overfull \hbox (19.05556pt too wide) in paragraph at lines 148--169
[]$[]$  $[]$
 []


Underfull \hbox (badness 10000) in paragraph at lines 148--169

 []


Underfull \vbox (badness 1400) has occurred while \output is active []

 [69

]

LaTeX Warning: Reference `cap:ripetere' on page 70 undefined on input line 195.



LaTeX Warning: Reference `cap:marta' on page 70 undefined on input line 195.


LaTeX Warning: Reference `cap:cerchio' on page 70 undefined on input line 195.

[70]
File: ./images/caos-della-vita/caos-della-vita-2.png Graphic file (type png)
<use ./images/caos-della-vita/caos-della-vita-2.png>
Package pdftex.def Info: ./images/caos-della-vita/caos-della-vita-2.png  used o
n input line 238.
(pdftex.def)             Requested size: 85.35826pt x 85.7421pt.

Overfull \hbox (19.05556pt too wide) in paragraph at lines 223--242
[]$[]$  $[]$
 []


Underfull \hbox (badness 10000) in paragraph at lines 223--242

 []

[71]
<./images/caos-della-vita/caos-della-vita-3.png, id=420, 961.5925pt x 638.385pt
>
File: ./images/caos-della-vita/caos-della-vita-3.png Graphic file (type png)
<use ./images/caos-della-vita/caos-della-vita-3.png>
Package pdftex.def Info: ./images/caos-della-vita/caos-della-vita-3.png  used o
n input line 293.
(pdftex.def)             Requested size: 85.35826pt x 56.66217pt.

Overfull \hbox (19.05556pt too wide) in paragraph at lines 260--297
[]$[]$  $[]$
 []


Underfull \hbox (badness 10000) in paragraph at lines 260--297

 []


Underfull \vbox (badness 10000) has occurred while \output is active []

 [72])
[73 <./images/caos-della-vita/caos-della-vita-3.png>]
\openout2 = `xi-appendice.aux'.

 (./xi-appendice.tex
[74



]
Chapter 8.
) [75] (./librelogo.bbl [76


]
Underfull \hbox (badness 1303) in paragraph at lines 34--41
[]\OT1/cmr/m/n/10 Weintrop David e Wilen-sky U.  Us-ing com-mu-ta-tive as-sess-
ments to
 []


Underfull \hbox (badness 2529) in paragraph at lines 34--41
\OT1/cmr/m/n/10 com-pare con-cep-tual un-der-stand-ing in blocks based and text
 based
 []


Underfull \hbox (badness 10000) in paragraph at lines 54--59
\OT1/cmtt/m/n/10 kormany . hu / wp-[]content / uploads / librelogo _ oktatasi _
 segedanyag _
 []

) [77] (./librelogo.aux (./0-frontespizio.aux) (./01-ringraziamenti.aux)
(./1-prefazione.aux) (./2-librelogo.aux) (./3-paura.aux) (./3-logo.aux)
(./4-disegnare.aux) (./7-caos-della-vita.aux) (./xi-appendice.aux))

LaTeX Warning: There were undefined references.


LaTeX Warning: There were multiply-defined labels.

 ) 
Here is how much of TeX's memory you used:
 6351 strings out of 492982
 92650 string characters out of 6134896
 189606 words of memory out of 5000000
 9681 multiletter control sequences out of 15000+600000
 11294 words of font info for 40 fonts, out of 8000000 for 9000
 1141 hyphenation exceptions out of 8191
 41i,16n,32p,3362b,1352s stack positions out of 5000i,500n,10000p,200000b,80000s
</usr/share/texlive/texmf-dist/fonts/type1/public/amsfonts/cm/cmbx10.pfb></us
r/share/texlive/texmf-dist/fonts/type1/public/amsfonts/cm/cmbx12.pfb></usr/shar
e/texlive/texmf-dist/fonts/type1/public/amsfonts/cm/cmbx7.pfb></usr/share/texli
ve/texmf-dist/fonts/type1/public/amsfonts/cm/cmbx8.pfb></usr/share/texlive/texm
f-dist/fonts/type1/public/amsfonts/cm/cmbxti10.pfb></usr/share/texlive/texmf-di
st/fonts/type1/public/amsfonts/cm/cmmi6.pfb></usr/share/texlive/texmf-dist/font
s/type1/public/amsfonts/cm/cmmi7.pfb></usr/share/texlive/texmf-dist/fonts/type1
/public/amsfonts/cm/cmmi8.pfb></usr/share/texlive/texmf-dist/fonts/type1/public
/amsfonts/cm/cmr10.pfb></usr/share/texlive/texmf-dist/fonts/type1/public/amsfon
ts/cm/cmr6.pfb></usr/share/texlive/texmf-dist/fonts/type1/public/amsfonts/cm/cm
r7.pfb></usr/share/texlive/texmf-dist/fonts/type1/public/amsfonts/cm/cmr8.pfb><
/usr/share/texlive/texmf-dist/fonts/type1/public/amsfonts/cm/cmsl10.pfb></usr/s
hare/texlive/texmf-dist/fonts/type1/public/amsfonts/cm/cmsy10.pfb></usr/share/t
exlive/texmf-dist/fonts/type1/public/amsfonts/cm/cmsy5.pfb></usr/share/texlive/
texmf-dist/fonts/type1/public/amsfonts/cm/cmsy7.pfb></usr/share/texlive/texmf-d
ist/fonts/type1/public/amsfonts/cm/cmti10.pfb></usr/share/texlive/texmf-dist/fo
nts/type1/public/amsfonts/cm/cmti8.pfb></usr/share/texlive/texmf-dist/fonts/typ
e1/public/amsfonts/cm/cmtt10.pfb>
Output written on librelogo.pdf (77 pages, 3009512 bytes).
PDF statistics:
 508 PDF objects out of 1000 (max. 8388607)
 278 compressed objects within 3 object streams
 0 named destinations out of 1000 (max. 500000)
 609 words of extra memory for PDF output out of 10000 (max. 10000000)

